----------------------------------------------
CRASH: Fri Dec 22 14:38:19 MSK 2023
Start Line: ./hlds_linux -game cstrike +ip 46.174.52.22 +port 27235 +map zp_winter_town +maxplayers 20 -condebug -debug -timeout 60 +sys_ticrate 10000 -noipx -norestart -pidfile game.pid
[New LWP 10961]
[New LWP 10997]
[New LWP 11131]
[New LWP 11144]
[New LWP 11149]
[New LWP 11150]
[New LWP 11401]
[New LWP 11145]
[New LWP 11133]
[New LWP 11130]
[Thread debugging using libthread_db enabled]
Using host libthread_db library "/lib64/libthread_db.so.1".
Core was generated by `./hlds_linux -game cstrike +ip 46.174.52.22 +port 27235 +map zp_winter_town +ma'.
Program terminated with signal 11, Segmentation fault.
#0  0xf71f6748 in main_arena () from /lib/libc.so.6
#0  0xf71f6748 in main_arena () from /lib/libc.so.6
#1  0xf22dd6ef in ?? () from /game/cstrike/dlls/cs.so
#2  0xf22d018b in IHookChainImpl<void, edict_s*, char const*, char const*>::callNext(edict_s*, char const*, char const*) () from /game/cstrike/dlls/cs.so
#3  0xf29492a4 in ?? ()
Backtrace stopped: previous frame inner to this frame (corrupt stack?)
No symbol table info available.
From        To          Syms Read   Shared Object Library
0xf7268914  0xf72aec78  Yes         ./libstdc++.so.6
0xf7216a90  0xf721797c  Yes (*)     /lib/libdl.so.2
0xf71ff780  0xf720b857  Yes (*)     /lib/libpthread.so.0
0xf7051320  0xf719791b  Yes (*)     /lib/libc.so.6
0xf6f977a0  0xf7004254  Yes (*)     /lib/preload++.so.6
0xf6f13460  0xf6f3dc06  Yes (*)     /lib/libm.so.6
0xf6efbe04  0xf6f0b490  Yes         ./libgcc_s.so.1
0xf77b38a0  0xf77ce261  Yes (*)     /lib/ld-linux.so.2
0xf6ee6a50  0xf6eedfb9  Yes (*)     /lib/libnss_files.so.2
0xf67e2220  0xf68f6431  Yes (*)     /game/engine_i486.so
0xf6745900  0xf6748dca  Yes (*)     /lib/librt.so.1
0xf67335c0  0xf673dd74  Yes (*)     /game/./libsteam_api.so
0xf66cae00  0xf66e6838  Yes (*)     /game/filesystem_stdio.so
0xf4f359c0  0xf6049a44  Yes (*)     /.steam/sdk32/steamclient.so
0xf2591520  0xf2619d17  Yes (*)     /game/./cstrike/addons/metamod/dlls/metamod_i386.so
0xf22a68c0  0xf243f0b0  Yes (*)     /game/cstrike/dlls/cs.so
0xf1f8c070  0xf1ff02e0  Yes (*)     /game/cstrike/addons/amxmodx/dlls/amxmodx_mm_i386.so
0xf1f4a5d0  0xf1f60d20  Yes (*)     /game/cstrike/addons/reunion/reunion_mm_i386.so
0xf1e03f70  0xf1f08030  Yes (*)     /game/cstrike/addons/revoice/revoice_mm_i386.so
0xf1d5a7b0  0xf1dc4bc4  Yes (*)     /game/cstrike/addons/vtc/VoiceTranscoder.so
0xf1d2f780  0xf1d44394  Yes (*)     /game/cstrike/addons/snac/SafeNameAndChat.so
0xf1d0a300  0xf1d20cab  Yes (*)     /game/cstrike/addons/rechecker/rechecker_mm_i386.so
0xf1c75010  0xf1cded59  Yes (*)     /game/cstrike/addons/unprecacher/unprecacher_i386.so
0xf1c5f290  0xf1c6b80c  Yes (*)     cstrike/addons/amxmodx/modules/engine_amxx_i386.so
0xf1c239e0  0xf1c4fdac  Yes (*)     cstrike/addons/amxmodx/modules/fakemeta_amxx_i386.so
0xf1bf7d50  0xf1c07460  Yes (*)     cstrike/addons/amxmodx/modules/cstrike_amxx_i386.so
0xf1b2b830  0xf1b72974  Yes (*)     cstrike/addons/amxmodx/modules/hamsandwich_amxx_i386.so
0xf1b0b9b0  0xf1b0fa08  Yes (*)     cstrike/addons/amxmodx/modules/nvault_amxx_i386.so
0xf1a96020  0xf1adf180  Yes (*)     cstrike/addons/amxmodx/modules/reapi_amxx_i386.so
0xf18ad660  0xf18b1f84  Yes (*)     cstrike/addons/amxmodx/modules/fun_amxx_i386.so
0xf1a62f60  0xf1a6424c  Yes (*)     cstrike/addons/amxmodx/modules/sockets_amxx_i386.so
0xf183a120  0xf1840444  Yes (*)     cstrike/addons/amxmodx/modules/csx_amxx_i386.so
0xf1a3a130  0xf1a40810  Yes (*)     cstrike/addons/amxmodx/modules/reaimdetector_amxx_i386.so
0xf143f790  0xf14d7fc5  Yes (*)     cstrike/addons/amxmodx/modules/mysql_amxx_i386.so
0xeeca1c00  0xeeca506e  Yes (*)     /lib/libnss_dns.so.2
0xeec896a0  0xeec98694  Yes (*)     /lib/libresolv.so.2
0xeb1769c0  0xec28aa44  Yes (*)     ./steamclient.so
0xeca5f670  0xecad5020  Yes (*)     ./crashhandler.so
(*): Shared library is missing debugging information.
Stack level 0, frame at 0xffda1490:
 eip = 0xf71f6748 in main_arena; saved eip 0xf22dd6ef
 called by frame at 0xffda1570
 Arglist at 0xffda1488, args: 
 Locals at 0xffda1488, Previous frame's sp is 0xffda1490
 Saved registers:
  eip at 0xffda148c
End of crash report
----------------------------------------------


-------- LAST 200 LINES FROM screen.log--------------------------------------
SV_BuildSoundMsg: player/pl_snow2.wav not precached (0)
SV_BuildSoundMsg: player/pl_snow2.wav not precached (0)
SV_BuildSoundMsg: player/pl_snow3.wav not precached (0)
SV_BuildSoundMsg: player/pl_snow1.wav not precached (0)
SV_BuildSoundMsg: weapons/knife_deploy1.wav not precached (0)
SV_BuildSoundMsg: player/pl_snow2.wav not precached (0)
SV_BuildSoundMsg: player/pl_snow3.wav not precached (0)
SV_BuildSoundMsg: player/pl_snow1.wav not precached (0)
SV_BuildSoundMsg: player/pl_snow1.wav not precached (0)
SV_BuildSoundMsg: player/pl_snow2.wav not precached (0)
SV_BuildSoundMsg: player/pl_snow2.wav not precached (0)
SV_BuildSoundMsg: player/pl_snow1.wav not precached (0)
SV_BuildSoundMsg: player/pl_snow3.wav not precached (0)
SV_BuildSoundMsg: player/pl_snow2.wav not precached (0)
SV_BuildSoundMsg: player/pl_snow2.wav not precached (0)
SV_BuildSoundMsg: player/pl_snow3.wav not precached (0)
SV_BuildSoundMsg: player/pl_snow2.wav not precached (0)
SV_BuildSoundMsg: player/pl_snow1.wav not precached (0)
SV_BuildSoundMsg: player/pl_snow2.wav not precached (0)
SV_BuildSoundMsg: player/pl_snow3.wav not precached (0)
SV_BuildSoundMsg: player/pl_snow2.wav not precached (0)
SV_BuildSoundMsg: player/pl_snow4.wav not precached (0)
SV_BuildSoundMsg: player/pl_snow3.wav not precached (0)
SV_BuildSoundMsg: player/pl_snow2.wav not precached (0)
SV_BuildSoundMsg: player/pl_snow1.wav not precached (0)
SV_BuildSoundMsg: player/pl_snow4.wav not precached (0)
SV_BuildSoundMsg: player/pl_snow3.wav not precached (0)
SV_BuildSoundMsg: player/pl_snow4.wav not precached (0)
SV_BuildSoundMsg: player/pl_snow1.wav not precached (0)
SV_BuildSoundMsg: player/pl_snow4.wav not precached (0)
SV_BuildSoundMsg: player/pl_snow1.wav not precached (0)
SV_BuildSoundMsg: player/pl_snow2.wav not precached (0)
SV_BuildSoundMsg: player/pl_snow1.wav not precached (0)
SV_BuildSoundMsg: player/pl_snow3.wav not precached (0)
SV_BuildSoundMsg: player/pl_snow2.wav not precached (0)
SV_BuildSoundMsg: player/pl_snow2.wav not precached (0)
SV_BuildSoundMsg: player/pl_snow3.wav not precached (0)
SV_BuildSoundMsg: player/pl_snow2.wav not precached (0)
SV_BuildSoundMsg: player/pl_snow1.wav not precached (0)
SV_BuildSoundMsg: player/pl_snow3.wav not precached (0)
SV_BuildSoundMsg: player/pl_snow4.wav not precached (0)
SV_BuildSoundMsg: player/pl_snow3.wav not precached (0)
SV_BuildSoundMsg: player/pl_snow4.wav not precached (0)
SV_BuildSoundMsg: player/pl_snow2.wav not precached (0)
SV_BuildSoundMsg: player/pl_snow2.wav not precached (0)
SV_BuildSoundMsg: player/pl_snow3.wav not precached (0)
SV_BuildSoundMsg: player/pl_snow2.wav not precached (0)
SV_BuildSoundMsg: player/pl_snow3.wav not precached (0)
SV_BuildSoundMsg: player/pl_snow3.wav not precached (0)
SV_BuildSoundMsg: player/pl_snow4.wav not precached (0)
SV_BuildSoundMsg: player/pl_snow4.wav not precached (0)
SV_BuildSoundMsg: player/pl_snow1.wav not precached (0)
SV_BuildSoundMsg: player/pl_snow4.wav not precached (0)
SV_BuildSoundMsg: player/pl_snow3.wav not precached (0)
SV_BuildSoundMsg: player/pl_snow1.wav not precached (0)
SV_BuildSoundMsg: player/pl_snow2.wav not precached (0)
SV_BuildSoundMsg: player/pl_snow3.wav not precached (0)
SV_BuildSoundMsg: player/pl_snow2.wav not precached (0)
SV_BuildSoundMsg: player/pl_snow2.wav not precached (0)
SV_BuildSoundMsg: player/pl_snow1.wav not precached (0)
SV_BuildSoundMsg: player/pl_snow1.wav not precached (0)
SV_BuildSoundMsg: player/pl_snow4.wav not precached (0)
SV_BuildSoundMsg: player/pl_snow1.wav not precached (0)
SV_BuildSoundMsg: player/pl_snow2.wav not precached (0)
SV_BuildSoundMsg: weapons/knife_deploy1.wav not precached (0)
SV_BuildSoundMsg: player/pl_snow1.wav not precached (0)
SV_BuildSoundMsg: player/pl_snow2.wav not precached (0)
SV_BuildSoundMsg: player/pl_snow1.wav not precached (0)
SV_BuildSoundMsg: player/pl_step2.wav not precached (0)
SV_BuildSoundMsg: player/pl_snow2.wav not precached (0)
SV_BuildSoundMsg: player/pl_snow4.wav not precached (0)
SV_BuildSoundMsg: weapons/knife_deploy1.wav not precached (0)
SV_BuildSoundMsg: weapons/knife_deploy1.wav not precached (0)
SV_BuildSoundMsg: weapons/knife_deploy1.wav not precached (0)
SV_BuildSoundMsg: weapons/knife_deploy1.wav not precached (0)
L 12/22/2023 - 14:37:16: [zombie_plague40(2).amxx] performance issue. Function fw_PlayerSpawn_Post executed more than 1.3ms.
L 12/22/2023 - 14:37:16: [zombie_plague40(2).amxx] performance issue. Function native_respawn_user executed more than 3.5ms.
SV_BuildSoundMsg: player/pl_snow1.wav not precached (0)
SV_BuildSoundMsg: player/pl_snow3.wav not precached (0)
SV_BuildSoundMsg: player/pl_snow2.wav not precached (0)
SV_BuildSoundMsg: weapons/knife_deploy1.wav not precached (0)
SV_BuildSoundMsg: player/pl_snow2.wav not precached (0)
SV_BuildSoundMsg: weapons/knife_deploy1.wav not precached (0)
SV_BuildSoundMsg: player/pl_snow3.wav not precached (0)
SV_BuildSoundMsg: player/pl_step3.wav not precached (0)
SV_BuildSoundMsg: player/pl_snow4.wav not precached (0)
SV_BuildSoundMsg: player/pl_snow2.wav not precached (0)
SV_BuildSoundMsg: player/pl_snow3.wav not precached (0)
SV_BuildSoundMsg: player/pl_snow3.wav not precached (0)
SV_BuildSoundMsg: player/pl_snow4.wav not precached (0)
SV_BuildSoundMsg: player/pl_snow3.wav not precached (0)
SV_BuildSoundMsg: player/pl_snow2.wav not precached (0)
SV_BuildSoundMsg: player/pl_snow2.wav not precached (0)
SV_BuildSoundMsg: player/pl_snow3.wav not precached (0)
SV_BuildSoundMsg: player/pl_snow2.wav not precached (0)
SV_BuildSoundMsg: player/pl_snow3.wav not precached (0)
SV_BuildSoundMsg: player/pl_snow2.wav not precached (0)
SV_BuildSoundMsg: player/pl_snow1.wav not precached (0)
SV_BuildSoundMsg: player/pl_snow3.wav not precached (0)
SV_BuildSoundMsg: player/pl_snow4.wav not precached (0)
SV_BuildSoundMsg: player/pl_wade1.wav not precached (0)
SV_BuildSoundMsg: player/pl_snow3.wav not precached (0)
SV_BuildSoundMsg: player/pl_wade2.wav not precached (0)
SV_BuildSoundMsg: player/pl_snow2.wav not precached (0)
SV_BuildSoundMsg: player/pl_snow3.wav not precached (0)
SV_BuildSoundMsg: player/pl_snow4.wav not precached (0)
SV_BuildSoundMsg: player/pl_snow3.wav not precached (0)
SV_BuildSoundMsg: weapons/grenade_hit2.wav not precached (0)
SV_BuildSoundMsg: weapons/knife_deploy1.wav not precached (0)
SV_BuildSoundMsg: weapons/grenade_hit3.wav not precached (0)
SV_BuildSoundMsg: player/pl_wade1.wav not precached (0)
SV_BuildSoundMsg: player/pl_wade2.wav not precached (0)
SV_BuildSoundMsg: player/pl_snow2.wav not precached (0)
SV_BuildSoundMsg: player/pl_wade1.wav not precached (0)
SV_BuildSoundMsg: player/pl_wade2.wav not precached (0)
SV_BuildSoundMsg: player/pl_snow3.wav not precached (0)
SV_BuildSoundMsg: weapons/knife_deploy1.wav not precached (0)
SV_BuildSoundMsg: player/pl_step2.wav not precached (0)
SV_BuildSoundMsg: player/pl_snow3.wav not precached (0)
SV_BuildSoundMsg: player/pl_snow1.wav not precached (0)
SV_BuildSoundMsg: player/pl_snow2.wav not precached (0)
SV_BuildSoundMsg: player/pl_snow1.wav not precached (0)
SV_BuildSoundMsg: player/pl_snow4.wav not precached (0)
SV_BuildSoundMsg: player/pl_step2.wav not precached (0)
SV_BuildSoundMsg: player/pl_snow3.wav not precached (0)
SV_BuildSoundMsg: player/pl_snow3.wav not precached (0)
SV_BuildSoundMsg: player/pl_step2.wav not precached (0)
SV_BuildSoundMsg: player/pl_step1.wav not precached (0)
SV_BuildSoundMsg: player/pl_snow2.wav not precached (0)
SV_BuildSoundMsg: player/pl_snow4.wav not precached (0)
SV_BuildSoundMsg: player/pl_snow3.wav not precached (0)
SV_BuildSoundMsg: weapons/knife_deploy1.wav not precached (0)
SV_BuildSoundMsg: weapons/knife_deploy1.wav not precached (0)
L 12/22/2023 - 14:37:49: [zombie_plague40(2).amxx] performance issue. Function fw_TakeDamage executed more than 1.6ms.
SV_BuildSoundMsg: player/pl_snow1.wav not precached (0)
SV_BuildSoundMsg: player/pl_snow2.wav not precached (0)
SV_BuildSoundMsg: player/pl_snow4.wav not precached (0)
SV_BuildSoundMsg: player/pl_snow3.wav not precached (0)
SV_BuildSoundMsg: weapons/knife_deploy1.wav not precached (0)
SV_BuildSoundMsg: player/pl_step1.wav not precached (0)
SV_BuildSoundMsg: player/pl_step2.wav not precached (0)
SV_BuildSoundMsg: player/pl_snow1.wav not precached (0)
SV_BuildSoundMsg: weapons/grenade_hit3.wav not precached (0)
SV_BuildSoundMsg: player/pl_snow4.wav not precached (0)
SV_BuildSoundMsg: player/pl_snow1.wav not precached (0)
SV_BuildSoundMsg: player/pl_snow3.wav not precached (0)
SV_BuildSoundMsg: player/pl_snow4.wav not precached (0)
SV_BuildSoundMsg: player/pl_snow2.wav not precached (0)
SV_BuildSoundMsg: player/pl_snow1.wav not precached (0)
SV_BuildSoundMsg: weapons/grenade_hit1.wav not precached (0)
SV_BuildSoundMsg: weapons/grenade_hit1.wav not precached (0)
SV_BuildSoundMsg: player/pl_snow2.wav not precached (0)
SV_BuildSoundMsg: player/pl_snow3.wav not precached (0)
SV_BuildSoundMsg: weapons/knife_deploy1.wav not precached (0)
SV_BuildSoundMsg: player/pl_snow4.wav not precached (0)
SV_BuildSoundMsg: player/pl_snow3.wav not precached (0)
SV_BuildSoundMsg: player/pl_snow1.wav not precached (0)
SV_BuildSoundMsg: player/pl_snow2.wav not precached (0)
SV_BuildSoundMsg: player/pl_snow1.wav not precached (0)
SV_BuildSoundMsg: player/pl_wade1.wav not precached (0)
SV_BuildSoundMsg: player/pl_wade2.wav not precached (0)
SV_BuildSoundMsg: player/pl_step2.wav not precached (0)
SV_BuildSoundMsg: player/pl_snow3.wav not precached (0)
SV_BuildSoundMsg: player/pl_snow4.wav not precached (0)
SV_BuildSoundMsg: player/pl_wade1.wav not precached (0)
SV_BuildSoundMsg: player/pl_wade2.wav not precached (0)
SV_BuildSoundMsg: player/pl_wade1.wav not precached (0)
SV_BuildSoundMsg: player/pl_wade2.wav not precached (0)
SV_BuildSoundMsg: weapons/grenade_hit1.wav not precached (0)
L 12/22/2023 - 14:38:02: [zombie_plague40(2).amxx] performance issue. Function fw_ThinkGrenade executed more than 1.0ms.
SV_BuildSoundMsg: weapons/knife_deploy1.wav not precached (0)
SV_BuildSoundMsg: player/pl_snow4.wav not precached (0)
SV_BuildSoundMsg: player/pl_snow1.wav not precached (0)
SV_BuildSoundMsg: player/pl_wade1.wav not precached (0)
SV_BuildSoundMsg: player/pl_snow4.wav not precached (0)
SV_BuildSoundMsg: player/pl_step1.wav not precached (0)
SV_BuildSoundMsg: player/pl_step1.wav not precached (0)
SV_BuildSoundMsg: player/pl_step4.wav not precached (0)
SV_BuildSoundMsg: player/pl_snow3.wav not precached (0)
SV_BuildSoundMsg: player/pl_snow4.wav not precached (0)
SV_BuildSoundMsg: player/pl_snow4.wav not precached (0)
SV_BuildSoundMsg: player/pl_step2.wav not precached (0)
SV_BuildSoundMsg: player/pl_snow1.wav not precached (0)
SV_BuildSoundMsg: player/pl_snow4.wav not precached (0)
SV_BuildSoundMsg: player/pl_snow1.wav not precached (0)
SV_BuildSoundMsg: player/pl_snow2.wav not precached (0)
SV_BuildSoundMsg: player/pl_snow1.wav not precached (0)
SV_BuildSoundMsg: player/pl_snow3.wav not precached (0)
SV_BuildSoundMsg: player/pl_snow3.wav not precached (0)
SV_BuildSoundMsg: player/pl_snow2.wav not precached (0)
SV_BuildSoundMsg: player/pl_snow4.wav not precached (0)
SV_BuildSoundMsg: weapons/knife_deploy1.wav not precached (0)
SV_BuildSoundMsg: weapons/knife_deploy1.wav not precached (0)
SV_BuildSoundMsg: weapons/knife_deploy1.wav not precached (0)
SV_BuildSoundMsg: weapons/knife_deploy1.wav not precached (0)
L 12/22/2023 - 14:38:14: [zombie_plague40(2).amxx] performance issue. Function logevent_round_end executed more than 2.1ms.
SV_BuildSoundMsg: player/pl_snow1.wav not precached (0)
SV_BuildSoundMsg: player/pl_snow3.wav not precached (0)
SV_BuildSoundMsg: player/pl_snow4.wav not precached (0)
./hlds_run: line 272: 10961 Segmentation fault      (core dumped) $HL_CMD
