----------------------------------------------
CRASH: Fri Dec 22 15:07:22 MSK 2023
Start Line: ./hlds_linux -game cstrike +ip 46.174.52.22 +port 27235 +map zp_winter_town +maxplayers 20 -condebug -debug -timeout 60 +sys_ticrate 10000 -noipx -norestart -pidfile game.pid
[New LWP 18642]
[New LWP 18708]
[New LWP 18711]
[New LWP 18715]
[New LWP 18716]
[New LWP 18717]
[New LWP 32493]
[New LWP 18718]
[New LWP 18709]
[New LWP 18814]
[Thread debugging using libthread_db enabled]
Using host libthread_db library "/lib64/libthread_db.so.1".
Core was generated by `./hlds_linux -game cstrike +ip 46.174.52.22 +port 27235 +map zp_winter_town +ma'.
Program terminated with signal 11, Segmentation fault.
#0  0xf71af760 in main_arena () from /lib/libc.so.6
#0  0xf71af760 in main_arena () from /lib/libc.so.6
No symbol table info available.
From        To          Syms Read   Shared Object Library
0xf7221914  0xf7267c78  Yes         ./libstdc++.so.6
0xf71cfa90  0xf71d097c  Yes (*)     /lib/libdl.so.2
0xf71b8780  0xf71c4857  Yes (*)     /lib/libpthread.so.0
0xf700a320  0xf715091b  Yes (*)     /lib/libc.so.6
0xf6f507a0  0xf6fbd254  Yes (*)     /lib/preload++.so.6
0xf6ecc460  0xf6ef6c06  Yes (*)     /lib/libm.so.6
0xf6eb4e04  0xf6ec4490  Yes         ./libgcc_s.so.1
0xf776c8a0  0xf7787261  Yes (*)     /lib/ld-linux.so.2
0xf6e9fa50  0xf6ea6fb9  Yes (*)     /lib/libnss_files.so.2
0xf679b220  0xf68af431  Yes (*)     /game/engine_i486.so
0xf66fe900  0xf6701dca  Yes (*)     /lib/librt.so.1
0xf66ec5c0  0xf66f6d74  Yes (*)     /game/./libsteam_api.so
0xf6683e00  0xf669f838  Yes (*)     /game/filesystem_stdio.so
0xf4eee9c0  0xf6002a44  Yes (*)     /.steam/sdk32/steamclient.so
0xf254a520  0xf25d2d17  Yes (*)     /game/./cstrike/addons/metamod/dlls/metamod_i386.so
0xf225f8c0  0xf23f80b0  Yes (*)     /game/cstrike/dlls/cs.so
0xf1f45070  0xf1fa92e0  Yes (*)     /game/cstrike/addons/amxmodx/dlls/amxmodx_mm_i386.so
0xf1f035d0  0xf1f19d20  Yes (*)     /game/cstrike/addons/reunion/reunion_mm_i386.so
0xf1dbcf70  0xf1ec1030  Yes (*)     /game/cstrike/addons/revoice/revoice_mm_i386.so
0xf1d137b0  0xf1d7dbc4  Yes (*)     /game/cstrike/addons/vtc/VoiceTranscoder.so
0xf1ce8780  0xf1cfd394  Yes (*)     /game/cstrike/addons/snac/SafeNameAndChat.so
0xf1cc3300  0xf1cd9cab  Yes (*)     /game/cstrike/addons/rechecker/rechecker_mm_i386.so
0xf1c2e010  0xf1c97d59  Yes (*)     /game/cstrike/addons/unprecacher/unprecacher_i386.so
0xf1c18290  0xf1c2480c  Yes (*)     cstrike/addons/amxmodx/modules/engine_amxx_i386.so
0xf1bdc9e0  0xf1c08dac  Yes (*)     cstrike/addons/amxmodx/modules/fakemeta_amxx_i386.so
0xf1bb0d50  0xf1bc0460  Yes (*)     cstrike/addons/amxmodx/modules/cstrike_amxx_i386.so
0xf1ae4830  0xf1b2b974  Yes (*)     cstrike/addons/amxmodx/modules/hamsandwich_amxx_i386.so
0xf1ac49b0  0xf1ac8a08  Yes (*)     cstrike/addons/amxmodx/modules/nvault_amxx_i386.so
0xf1a4f020  0xf1a98180  Yes (*)     cstrike/addons/amxmodx/modules/reapi_amxx_i386.so
0xf1866660  0xf186af84  Yes (*)     cstrike/addons/amxmodx/modules/fun_amxx_i386.so
0xf17f3120  0xf17f9444  Yes (*)     cstrike/addons/amxmodx/modules/csx_amxx_i386.so
0xf19f3130  0xf19f9810  Yes (*)     cstrike/addons/amxmodx/modules/reaimdetector_amxx_i386.so
0xf13f8790  0xf1490fc5  Yes (*)     cstrike/addons/amxmodx/modules/mysql_amxx_i386.so
0xeec5ac00  0xeec5e06e  Yes (*)     /lib/libnss_dns.so.2
0xeec426a0  0xeec51694  Yes (*)     /lib/libresolv.so.2
0xeb1769c0  0xec28aa44  Yes (*)     ./steamclient.so
0xeca5f670  0xecad5020  Yes (*)     ./crashhandler.so
0xf1b97f60  0xf1b9924c  Yes (*)     cstrike/addons/amxmodx/modules/sockets_amxx_i386.so
(*): Shared library is missing debugging information.
Stack level 0, frame at 0x0:
 eip = 0xf71af760 in main_arena; saved eip 0xf71af760
 Outermost frame: outermost
 Arglist at unknown address.
 Locals at unknown address, Previous frame's sp in esp
End of crash report
----------------------------------------------


-------- LAST 200 LINES FROM screen.log--------------------------------------
SV_BuildSoundMsg: debris/pushbox2.wav not precached (0)
SV_BuildSoundMsg: weapons/knife_deploy1.wav not precached (0)
SV_BuildSoundMsg: weapons/knife_deploy1.wav not precached (0)
SV_BuildSoundMsg: weapons/knife_deploy1.wav not precached (0)
L 12/22/2023 - 15:06:50: [zombie_plague40(2).amxx] performance issue. Function fw_TakeDamage executed more than 1.7ms.
SV_BuildSoundMsg: player/pl_step1.wav not precached (0)
SV_BuildSoundMsg: player/pl_step3.wav not precached (0)
SV_BuildSoundMsg: player/pl_step4.wav not precached (0)
SV_BuildSoundMsg: weapons/knife_deploy1.wav not precached (0)
SV_BuildSoundMsg: player/pl_step3.wav not precached (0)
SV_BuildSoundMsg: player/pl_step1.wav not precached (0)
SV_BuildSoundMsg: debris/pushbox2.wav not precached (0)
SV_BuildSoundMsg: player/pl_step2.wav not precached (0)
SV_BuildSoundMsg: player/pl_step2.wav not precached (0)
SV_BuildSoundMsg: player/pl_step1.wav not precached (0)
SV_BuildSoundMsg: player/pl_step2.wav not precached (0)
SV_BuildSoundMsg: debris/pushbox1.wav not precached (0)
SV_BuildSoundMsg: player/pl_step1.wav not precached (0)
SV_BuildSoundMsg: player/pl_step3.wav not precached (0)
SV_BuildSoundMsg: player/pl_step2.wav not precached (0)
SV_BuildSoundMsg: player/pl_step2.wav not precached (0)
SV_BuildSoundMsg: player/pl_step1.wav not precached (0)
SV_BuildSoundMsg: items/tr_kevlar.wav not precached (0)
SV_BuildSoundMsg: player/pl_step3.wav not precached (0)
SV_BuildSoundMsg: player/pl_step4.wav not precached (0)
SV_BuildSoundMsg: player/pl_step2.wav not precached (0)
SV_BuildSoundMsg: player/pl_step3.wav not precached (0)
SV_BuildSoundMsg: player/pl_step2.wav not precached (0)
SV_BuildSoundMsg: player/pl_step1.wav not precached (0)
SV_BuildSoundMsg: player/pl_step4.wav not precached (0)
SV_BuildSoundMsg: player/pl_step2.wav not precached (0)
SV_BuildSoundMsg: player/pl_step2.wav not precached (0)
SV_BuildSoundMsg: items/tr_kevlar.wav not precached (0)
SV_BuildSoundMsg: weapons/knife_deploy1.wav not precached (0)
SV_BuildSoundMsg: player/pl_step3.wav not precached (0)
SV_BuildSoundMsg: player/pl_step1.wav not precached (0)
SV_BuildSoundMsg: player/pl_step2.wav not precached (0)
SV_BuildSoundMsg: player/pl_step3.wav not precached (0)
SV_BuildSoundMsg: player/pl_step1.wav not precached (0)
SV_BuildSoundMsg: debris/pushbox3.wav not precached (0)
SV_BuildSoundMsg: player/pl_step2.wav not precached (0)
SV_BuildSoundMsg: player/pl_step3.wav not precached (0)
SV_BuildSoundMsg: player/pl_step3.wav not precached (0)
SV_BuildSoundMsg: player/pl_step2.wav not precached (0)
SV_BuildSoundMsg: player/pl_step2.wav not precached (0)
SV_BuildSoundMsg: player/pl_step4.wav not precached (0)
SV_BuildSoundMsg: player/pl_step1.wav not precached (0)
SV_BuildSoundMsg: items/tr_kevlar.wav not precached (0)
SV_BuildSoundMsg: player/pl_step1.wav not precached (0)
SV_BuildSoundMsg: player/pl_step2.wav not precached (0)
SV_BuildSoundMsg: player/pl_step2.wav not precached (0)
SV_BuildSoundMsg: player/pl_step1.wav not precached (0)
SV_BuildSoundMsg: player/pl_step1.wav not precached (0)
SV_BuildSoundMsg: player/pl_step4.wav not precached (0)
SV_BuildSoundMsg: player/pl_step2.wav not precached (0)
SV_BuildSoundMsg: player/pl_step3.wav not precached (0)
SV_BuildSoundMsg: player/pl_step4.wav not precached (0)
SV_BuildSoundMsg: debris/pushbox1.wav not precached (0)
SV_BuildSoundMsg: player/pl_step3.wav not precached (0)
SV_BuildSoundMsg: player/pl_step1.wav not precached (0)
SV_BuildSoundMsg: player/pl_step2.wav not precached (0)
SV_BuildSoundMsg: player/pl_step2.wav not precached (0)
SV_BuildSoundMsg: player/pl_step3.wav not precached (0)
SV_BuildSoundMsg: player/pl_step1.wav not precached (0)
SV_BuildSoundMsg: debris/pushbox3.wav not precached (0)
SV_BuildSoundMsg: player/pl_step2.wav not precached (0)
SV_BuildSoundMsg: player/pl_step2.wav not precached (0)
SV_BuildSoundMsg: player/pl_step1.wav not precached (0)
SV_BuildSoundMsg: player/pl_step3.wav not precached (0)
SV_BuildSoundMsg: player/pl_step3.wav not precached (0)
SV_BuildSoundMsg: player/pl_step2.wav not precached (0)
SV_BuildSoundMsg: player/pl_step1.wav not precached (0)
SV_BuildSoundMsg: player/pl_step2.wav not precached (0)
SV_BuildSoundMsg: debris/pushbox1.wav not precached (0)
SV_BuildSoundMsg: player/pl_step2.wav not precached (0)
SV_BuildSoundMsg: player/pl_step2.wav not precached (0)
SV_BuildSoundMsg: player/pl_step3.wav not precached (0)
SV_BuildSoundMsg: player/pl_step3.wav not precached (0)
SV_BuildSoundMsg: player/pl_step4.wav not precached (0)
SV_BuildSoundMsg: player/pl_step1.wav not precached (0)
SV_BuildSoundMsg: player/pl_step4.wav not precached (0)
SV_BuildSoundMsg: player/pl_step3.wav not precached (0)
SV_BuildSoundMsg: player/pl_step2.wav not precached (0)
SV_BuildSoundMsg: player/pl_step3.wav not precached (0)
SV_BuildSoundMsg: player/pl_step4.wav not precached (0)
SV_BuildSoundMsg: player/pl_step1.wav not precached (0)
SV_BuildSoundMsg: player/pl_step4.wav not precached (0)
SV_BuildSoundMsg: player/pl_step1.wav not precached (0)
SV_BuildSoundMsg: debris/pushbox3.wav not precached (0)
SV_BuildSoundMsg: player/pl_step3.wav not precached (0)
SV_BuildSoundMsg: player/pl_step4.wav not precached (0)
SV_BuildSoundMsg: player/pl_step4.wav not precached (0)
SV_BuildSoundMsg: player/pl_step3.wav not precached (0)
SV_BuildSoundMsg: player/pl_step1.wav not precached (0)
SV_BuildSoundMsg: player/pl_step4.wav not precached (0)
SV_BuildSoundMsg: player/pl_step2.wav not precached (0)
SV_BuildSoundMsg: player/pl_step4.wav not precached (0)
SV_BuildSoundMsg: player/pl_step1.wav not precached (0)
SV_BuildSoundMsg: player/pl_step1.wav not precached (0)
SV_BuildSoundMsg: player/pl_step1.wav not precached (0)
SV_BuildSoundMsg: player/pl_step4.wav not precached (0)
SV_BuildSoundMsg: player/pl_step4.wav not precached (0)
SV_BuildSoundMsg: player/pl_step3.wav not precached (0)
SV_BuildSoundMsg: items/tr_kevlar.wav not precached (0)
SV_BuildSoundMsg: player/pl_step3.wav not precached (0)
SV_BuildSoundMsg: player/pl_step2.wav not precached (0)
SV_BuildSoundMsg: player/pl_step4.wav not precached (0)
SV_BuildSoundMsg: player/pl_step3.wav not precached (0)
SV_BuildSoundMsg: player/pl_step4.wav not precached (0)
SV_BuildSoundMsg: player/pl_step3.wav not precached (0)
SV_BuildSoundMsg: player/pl_step3.wav not precached (0)
SV_BuildSoundMsg: player/pl_step4.wav not precached (0)
SV_BuildSoundMsg: player/pl_step4.wav not precached (0)
SV_BuildSoundMsg: player/pl_step3.wav not precached (0)
SV_BuildSoundMsg: player/pl_step3.wav not precached (0)
SV_BuildSoundMsg: player/pl_step2.wav not precached (0)
SV_BuildSoundMsg: player/pl_step4.wav not precached (0)
SV_BuildSoundMsg: player/pl_step3.wav not precached (0)
SV_BuildSoundMsg: player/pl_step1.wav not precached (0)
SV_BuildSoundMsg: player/pl_step4.wav not precached (0)
SV_BuildSoundMsg: player/pl_step4.wav not precached (0)
SV_BuildSoundMsg: player/pl_step3.wav not precached (0)
SV_BuildSoundMsg: player/pl_step3.wav not precached (0)
SV_BuildSoundMsg: player/pl_step4.wav not precached (0)
SV_BuildSoundMsg: player/pl_step4.wav not precached (0)
SV_BuildSoundMsg: player/pl_step3.wav not precached (0)
SV_BuildSoundMsg: player/pl_step3.wav not precached (0)
SV_BuildSoundMsg: player/pl_step1.wav not precached (0)
SV_BuildSoundMsg: debris/pushbox2.wav not precached (0)
SV_BuildSoundMsg: player/pl_step2.wav not precached (0)
SV_BuildSoundMsg: player/pl_step4.wav not precached (0)
SV_BuildSoundMsg: player/pl_step3.wav not precached (0)
SV_BuildSoundMsg: player/pl_step3.wav not precached (0)
SV_BuildSoundMsg: player/pl_step4.wav not precached (0)
SV_BuildSoundMsg: debris/pushbox3.wav not precached (0)
SV_BuildSoundMsg: player/pl_step3.wav not precached (0)
SV_BuildSoundMsg: player/pl_step2.wav not precached (0)
SV_BuildSoundMsg: player/pl_step2.wav not precached (0)
SV_BuildSoundMsg: debris/pushbox2.wav not precached (0)
SV_BuildSoundMsg: player/pl_step3.wav not precached (0)
SV_BuildSoundMsg: player/pl_step1.wav not precached (0)
SV_BuildSoundMsg: player/pl_step4.wav not precached (0)
SV_BuildSoundMsg: player/pl_step2.wav not precached (0)
SV_BuildSoundMsg: debris/pushbox1.wav not precached (0)
SV_BuildSoundMsg: player/pl_step2.wav not precached (0)
SV_BuildSoundMsg: debris/pushbox2.wav not precached (0)
SV_BuildSoundMsg: player/pl_step2.wav not precached (0)
SV_BuildSoundMsg: player/pl_step3.wav not precached (0)
SV_BuildSoundMsg: debris/pushbox2.wav not precached (0)
SV_BuildSoundMsg: player/pl_step3.wav not precached (0)
SV_BuildSoundMsg: player/pl_step2.wav not precached (0)
SV_BuildSoundMsg: player/pl_step2.wav not precached (0)
SV_BuildSoundMsg: debris/pushbox2.wav not precached (0)
SV_BuildSoundMsg: player/pl_step1.wav not precached (0)
SV_BuildSoundMsg: player/pl_step1.wav not precached (0)
SV_BuildSoundMsg: player/pl_step2.wav not precached (0)
SV_BuildSoundMsg: player/pl_step2.wav not precached (0)
SV_BuildSoundMsg: player/pl_step1.wav not precached (0)
SV_BuildSoundMsg: debris/pushbox2.wav not precached (0)
SV_BuildSoundMsg: player/pl_step4.wav not precached (0)
SV_BuildSoundMsg: player/pl_step3.wav not precached (0)
SV_BuildSoundMsg: weapons/knife_deploy1.wav not precached (0)
SV_BuildSoundMsg: debris/pushbox2.wav not precached (0)
SV_BuildSoundMsg: player/pl_step2.wav not precached (0)
SV_BuildSoundMsg: player/pl_step1.wav not precached (0)
SV_BuildSoundMsg: player/pl_step3.wav not precached (0)
SV_BuildSoundMsg: player/pl_step4.wav not precached (0)
SV_BuildSoundMsg: player/pl_step3.wav not precached (0)
SV_BuildSoundMsg: debris/pushbox3.wav not precached (0)
SV_BuildSoundMsg: weapons/knife_deploy1.wav not precached (0)
SV_BuildSoundMsg: player/pl_step4.wav not precached (0)
SV_BuildSoundMsg: player/pl_step1.wav not precached (0)
SV_BuildSoundMsg: debris/pushbox3.wav not precached (0)
SV_BuildSoundMsg: player/pl_step2.wav not precached (0)
SV_BuildSoundMsg: player/pl_step3.wav not precached (0)
SV_BuildSoundMsg: debris/pushbox1.wav not precached (0)
SV_BuildSoundMsg: player/pl_step2.wav not precached (0)
SV_BuildSoundMsg: player/pl_wade1.wav not precached (0)
SV_BuildSoundMsg: player/pl_wade2.wav not precached (0)
SV_BuildSoundMsg: player/pl_step3.wav not precached (0)
SV_BuildSoundMsg: player/pl_step4.wav not precached (0)
SV_BuildSoundMsg: player/pl_wade1.wav not precached (0)
SV_BuildSoundMsg: player/pl_wade2.wav not precached (0)
SV_BuildSoundMsg: debris/pushbox2.wav not precached (0)
SV_BuildSoundMsg: player/pl_step2.wav not precached (0)
SV_BuildSoundMsg: player/pl_step3.wav not precached (0)
SV_BuildSoundMsg: debris/pushbox3.wav not precached (0)
SV_BuildSoundMsg: player/pl_step2.wav not precached (0)
SV_BuildSoundMsg: weapons/grenade_hit2.wav not precached (0)
SV_BuildSoundMsg: debris/pushbox1.wav not precached (0)
SV_BuildSoundMsg: player/pl_wade1.wav not precached (0)
SV_BuildSoundMsg: player/pl_wade2.wav not precached (0)
SV_BuildSoundMsg: player/pl_step3.wav not precached (0)
SV_BuildSoundMsg: weapons/knife_deploy1.wav not precached (0)
SV_BuildSoundMsg: weapons/knife_deploy1.wav not precached (0)
SV_BuildSoundMsg: weapons/knife_deploy1.wav not precached (0)
SV_BuildSoundMsg: weapons/knife_deploy1.wav not precached (0)
L 12/22/2023 - 15:07:22: [zombie_plague40(2).amxx] performance issue. Function fw_TakeDamage executed more than 2.1ms.
SV_BuildSoundMsg: items/tr_kevlar.wav not precached (0)
./hlds_run: line 272: 18642 Segmentation fault      (core dumped) $HL_CMD
